<?xml version="1.0" encoding="UTF-8"?>
<!-- Generated by org.testng.reporters.JUnitReportReporter -->
<testsuite hostname="DESKTOP-UA9FBUI" failures="0" tests="1" name="TestCase.SignInPageClass" time="13.148" errors="0" timestamp="2023-12-28T23:00:33 IST" skipped="0">
  <testcase classname="TestCase.SignInPageClass" name="landingPageScreen" time="13.148"/>
  <system-out/>
</testsuite> <!-- TestCase.SignInPageClass -->
