<?xml version="1.0" encoding="UTF-8"?>
<!-- Generated by org.testng.reporters.JUnitReportReporter -->
<testsuite hostname="DESKTOP-UA9FBUI" failures="0" tests="1" name="TestCase.LandingPageClass" time="14.190" errors="0" timestamp="2023-12-28T22:53:02 IST" skipped="0">
  <testcase classname="TestCase.LandingPageClass" name="landingPageScreen" time="14.190"/>
  <system-out/>
</testsuite> <!-- TestCase.LandingPageClass -->
