<?xml version="1.0" encoding="UTF-8"?>
<!-- Generated by org.testng.reporters.JUnitReportReporter -->
<testsuite hostname="DESKTOP-UA9FBUI" failures="0" tests="1" name="TestCase.BaseClass" time="0.019" errors="0" timestamp="2023-12-28T22:02:25 IST" skipped="0">
  <testcase classname="TestCase.BaseClass" name="TestClass" time="0.019"/>
  <system-out/>
</testsuite> <!-- TestCase.BaseClass -->
